INFO  2016-05-31 11:21:03,171 [main] org.mule.module.launcher.domain.DefaultMuleDomain: 
++++++++++++++++++++++++++++++++++++++++++++++++++++++++++++
+ New domain 'helloworlddomain'                            +
++++++++++++++++++++++++++++++++++++++++++++++++++++++++++++
INFO  2016-05-31 11:21:03,172 [main] org.mule.module.launcher.domain.DefaultMuleDomain: 
++++++++++++++++++++++++++++++++++++++++++++++++++++++++++++
+ Initializing domain 'helloworlddomain'                   +
++++++++++++++++++++++++++++++++++++++++++++++++++++++++++++
INFO  2016-05-31 11:21:03,632 [main] org.mule.lifecycle.AbstractLifecycleManager: Initialising RegistryBroker
INFO  2016-05-31 11:21:03,773 [main] org.mule.config.spring.MuleDomainContext: Refreshing org.mule.config.spring.MuleDomainContext@f5281c: startup date [Tue May 31 11:21:03 CDT 2016]; root of context hierarchy
INFO  2016-05-31 11:21:04,612 [main] org.mule.config.spring.processors.ContextExclusiveInjectorProcessor: JSR-330 'javax.inject.Inject' annotation found and supported for autowiring
INFO  2016-05-31 11:21:05,227 [main] org.mule.util.journal.TransactionJournal: Using files for tx logs C:\ws\repM04\M04\production\exampledomains\.mule\.\.mule\helloworlddomain\queue-tx-log\tx1.log and C:\ws\repM04\M04\production\exampledomains\.mule\.\.mule\helloworlddomain\queue-tx-log\tx2.log
INFO  2016-05-31 11:21:05,260 [main] org.mule.util.journal.TransactionJournal: Using files for tx logs C:\ws\repM04\M04\production\exampledomains\.mule\.\.mule\helloworlddomain\queue-xa-tx-log\tx1.log and C:\ws\repM04\M04\production\exampledomains\.mule\.\.mule\helloworlddomain\queue-xa-tx-log\tx2.log
INFO  2016-05-31 11:21:05,448 [main] org.mule.config.spring.SpringXmlDomainConfigurationBuilder: Configured Mule using "org.mule.config.spring.SpringXmlDomainConfigurationBuilder" with configuration resource(s): "[ConfigResource{resourceName='mule-domain-config.xml'}]"
INFO  2016-05-31 11:21:05,450 [main] org.mule.util.queue.QueueXaResourceManager: Starting ResourceManager
INFO  2016-05-31 11:21:05,451 [main] org.mule.util.queue.QueueXaResourceManager: Started ResourceManager
INFO  2016-05-31 11:21:05,491 [main] org.mule.module.http.internal.listener.DefaultHttpListenerConfig: Listening for requests on http://localhost:8081
INFO  2016-05-31 11:21:05,498 [main] org.mule.module.management.agent.WrapperManagerAgent: This JVM hasn't been launched by the wrapper, the agent will not run.
INFO  2016-05-31 11:21:05,508 [main] org.mule.DefaultMuleContext: 
**********************************************************************
* Application: helloworlddomain                                      *
* OS encoding: \, Mule encoding: UTF-8                               *
*                                                                    *
* Agents Running:                                                    *
*   JMX Agent                                                        *
*   Wrapper Manager                                                  *
**********************************************************************
INFO  2016-05-31 11:32:48,614 [[helloworlddomain].HTTP_Listener_Configuration.worker.01] org.mule.module.http.internal.listener.HttpListenerRegistry: No listener found for request: (GET)/favicon.ico
INFO  2016-05-31 11:32:48,614 [[helloworlddomain].HTTP_Listener_Configuration.worker.01] org.mule.module.http.internal.listener.HttpListenerRegistry: Available listeners are: [(*)/]
INFO  2016-05-31 11:33:35,728 [main] org.mule.module.launcher.domain.DefaultMuleDomain: 
++++++++++++++++++++++++++++++++++++++++++++++++++++++++++++
+ New domain 'helloworlddomain'                            +
++++++++++++++++++++++++++++++++++++++++++++++++++++++++++++
INFO  2016-05-31 11:33:35,729 [main] org.mule.module.launcher.domain.DefaultMuleDomain: 
++++++++++++++++++++++++++++++++++++++++++++++++++++++++++++
+ Initializing domain 'helloworlddomain'                   +
++++++++++++++++++++++++++++++++++++++++++++++++++++++++++++
INFO  2016-05-31 11:33:36,180 [main] org.mule.lifecycle.AbstractLifecycleManager: Initialising RegistryBroker
INFO  2016-05-31 11:33:36,318 [main] org.mule.config.spring.MuleDomainContext: Refreshing org.mule.config.spring.MuleDomainContext@f5281c: startup date [Tue May 31 11:33:36 CDT 2016]; root of context hierarchy
INFO  2016-05-31 11:33:37,143 [main] org.mule.config.spring.processors.ContextExclusiveInjectorProcessor: JSR-330 'javax.inject.Inject' annotation found and supported for autowiring
INFO  2016-05-31 11:33:37,689 [main] org.mule.util.journal.TransactionJournal: Using files for tx logs C:\ws\repM04\M04\production\exampledomains\.mule\.\.mule\helloworlddomain\queue-tx-log\tx1.log and C:\ws\repM04\M04\production\exampledomains\.mule\.\.mule\helloworlddomain\queue-tx-log\tx2.log
INFO  2016-05-31 11:33:37,701 [main] org.mule.util.journal.TransactionJournal: Using files for tx logs C:\ws\repM04\M04\production\exampledomains\.mule\.\.mule\helloworlddomain\queue-xa-tx-log\tx1.log and C:\ws\repM04\M04\production\exampledomains\.mule\.\.mule\helloworlddomain\queue-xa-tx-log\tx2.log
INFO  2016-05-31 11:33:37,891 [main] org.mule.config.spring.SpringXmlDomainConfigurationBuilder: Configured Mule using "org.mule.config.spring.SpringXmlDomainConfigurationBuilder" with configuration resource(s): "[ConfigResource{resourceName='mule-domain-config.xml'}]"
INFO  2016-05-31 11:33:37,894 [main] org.mule.util.queue.QueueXaResourceManager: Starting ResourceManager
INFO  2016-05-31 11:33:37,895 [main] org.mule.util.queue.QueueXaResourceManager: Started ResourceManager
INFO  2016-05-31 11:33:37,932 [main] org.mule.module.http.internal.listener.DefaultHttpListenerConfig: Listening for requests on http://localhost:8081
INFO  2016-05-31 11:33:37,938 [main] org.mule.module.management.agent.WrapperManagerAgent: This JVM hasn't been launched by the wrapper, the agent will not run.
INFO  2016-05-31 11:33:37,947 [main] org.mule.DefaultMuleContext: 
**********************************************************************
* Application: helloworlddomain                                      *
* OS encoding: \, Mule encoding: UTF-8                               *
*                                                                    *
* Agents Running:                                                    *
*   JMX Agent                                                        *
*   Wrapper Manager                                                  *
**********************************************************************
INFO  2016-05-31 11:33:42,742 [[helloworlddomain].HTTP_Listener_Configuration.worker.01] org.mule.module.http.internal.listener.HttpListenerRegistry: No listener found for request: (GET)/favicon.ico
INFO  2016-05-31 11:33:42,743 [[helloworlddomain].HTTP_Listener_Configuration.worker.01] org.mule.module.http.internal.listener.HttpListenerRegistry: Available listeners are: [(*)/]
